7140 DEBUG [2015-01-07 22:28:44]  <==        Row: 4, email, email_notify_product, <table border="0" cellpadding="0" cellspacing="0" width="620" class="ke-zeroborder" style="background-color:#FFFFFF;color:#000000;font-size:14px;font-family:arial, verdana, sans-serif;">
	<tbody>
		<tr>
			<td style="font-family:arial, verdana, sans-serif;">
				<strong>亲爱的会员：${nickname}您好！</strong> 
			</td>
		</tr>
	</tbody>
</table>
<table border="0" cellpadding="0" cellspacing="0" width="620" class="ke-zeroborder" style="color:#000000;font-size:14px;background-color:#FFFFFF;font-family:arial, verdana, sans-serif;">
	<tbody>
		<tr>
			<td style="font-family:arial, verdana, sans-serif;">
				<strong></strong> 
			</td>
		</tr>
		<tr>
			<td style="font-family:arial, verdana, sans-serif;">
				<p>
					<br />
				</p>
				<p>
					您关注的商品：<a href="${url}" target="_blank">${productName}</a>&nbsp;已经到货，欢迎您的长期关注。
				</p>
				<p>
					<br />
				</p>
			</td>
		</tr>
		<tr>
			<td style="font-family:arial, verdana, sans-serif;">
				此邮件为系统自动发送，请勿回复！
			</td>
		</tr>
		<tr>
		</tr>
		<tr>
			<td style="font-family:arial, verdana, sans-serif;">
				<p>
					<span style="font-family:'sans serif', tahoma, verdana, helvetica;line-height:1.5;">如有任何疑问，请联系myshop客服，客服热线：${servicesPhone}</span> 
				</p>
				<p>
					官方邮箱：${systemEmail}
				</p>
				<p>
					帮助中心：${helpUrl}
				</p>
			</td>
		</tr>
	</tbody>
</table>, ${nickname}:会员昵称;${system}:系统名称;${url}:链接地址，会员可以点击的。;${servicesPhone}:客服热线;${systemEmail}:官方系统邮箱;${helpUrl}:帮助中心链接地址;${productName}:商品名称;${productID}:商品ID, 到货通知之邮件通知
7141 DEBUG [2015-01-07 22:28:44]  <==        Row: 5, sms, sms_sendProductNotify, 亲，订单号为：${<span>orderId</span>}的商品【商品名称】卖家已发货！【jeeshop】, ${orderId}:订单编号, 系统发货短信通知
7141 DEBUG [2015-01-07 22:28:44]  xxx Connection Closed
7141 DEBUG [2015-01-07 22:28:44]  trace com.mchange.v2.resourcepool.BasicResourcePool@6f0abf2c [managed: 8, unused: 7, excluded: 0] (e.g. com.mchange.v2.c3p0.impl.NewPooledConnection@8ae0e27)
7141 DEBUG [2015-01-07 22:28:44]  Fetching JDBC Connection from DataSource
7141 DEBUG [2015-01-07 22:28:44]  Testing PooledConnection [com.mchange.v2.c3p0.impl.NewPooledConnection@677951c9] on CHECKOUT.
7164 DEBUG [2015-01-07 22:28:44]  Test of PooledConnection [com.mchange.v2.c3p0.impl.NewPooledConnection@677951c9] on CHECKOUT has SUCCEEDED.
7164 DEBUG [2015-01-07 22:28:44]  trace com.mchange.v2.resourcepool.BasicResourcePool@6f0abf2c [managed: 8, unused: 7, excluded: 0] (e.g. com.mchange.v2.c3p0.impl.NewPooledConnection@8ae0e27)
7164 DEBUG [2015-01-07 22:28:44]  Creating SqlSession from SqlSessionFactory
7164 DEBUG [2015-01-07 22:28:44]  ooo Connection Opened
7164 DEBUG [2015-01-07 22:28:44]  ==>  Executing: select * from t_activity t where 1=1 
7164 DEBUG [2015-01-07 22:28:44]  ==> Parameters: 
7174 DEBUG [2015-01-07 22:28:44]  <==    Columns: id, name, accountRange, startDate, endDate, content, status, catalogs, discountType, discount, minprice, maxprice, maxSellCount, productID, activityType, exchangeScore, minGroupCount, tuanPrice, hasBuyGroupPerson
7174 DEBUG [2015-01-07 22:28:44]  <==        Row: 1, 降价促销, R1, R2, 2014-05-22 16:07:45.0, 2014-06-07 16:07:48.0, null, y, null, r, 20.00, null, null, 10, 10317|10316|10315|10314|10313, c, 0, 0, null, 0
7174 DEBUG [2015-01-07 22:28:44]  <==        Row: 2, 打折促销, R1, R3, R4, 2014-05-22 16:10:28.0, 2014-06-30 16:10:29.0, null, y, null, d, 12.00, null, null, 3, 10312|10311|10310|10309, c, 0, 0, null, 0
7174 DEBUG [2015-01-07 22:28:44]  <==        Row: 3, 买就赠送双倍积分, R2, R3, 2014-05-22 16:11:26.0, 2014-06-27 16:11:27.0, null, y, null, s, 300.00, null, null, 12, 10306|10305|10304|10303|10302|10301|10300|10299, c, 0, 0, null, 0
7174 DEBUG [2015-01-07 22:28:44]  <==        Row: 4, 积分商城, R1, R2, 2014-05-22 16:15:45.0, 2014-06-20 16:15:47.0, null, y, null, -, null, null, null, 3, 10295|10294|10293|10292|10291, j, 680, 0, null, 0
7174 DEBUG [2015-01-07 22:28:44]  <==        Row: 5, 积分商城880, R1, R2, R3, 2014-06-07 16:16:33.0, 2014-07-12 16:16:33.0, null, y, null, -, null, null, null, 6, 10281|10282|10283|10284, j, 880, 0, null, 0
7174 DEBUG [2015-01-07 22:28:44]  <==        Row: 6, 积分商城1980, R1, R2, 2014-06-06 16:17:55.0, 2014-07-12 16:17:55.0, null, y, null, -, null, null, null, 6, 10271|10272|10273|10274, j, 1980, 0, null, 0
7174 DEBUG [2015-01-07 22:28:44]  xxx Connection Closed
7174 DEBUG [2015-01-07 22:28:44]  trace com.mchange.v2.resourcepool.BasicResourcePool@6f0abf2c [managed: 8, unused: 7, excluded: 0] (e.g. com.mchange.v2.c3p0.impl.NewPooledConnection@8ae0e27)
7174 DEBUG [2015-01-07 22:28:44]  com.mchange.v2.c3p0.impl.NewProxyConnection@43d8add3: close() called more than once.
7174 DEBUG [2015-01-07 22:28:44]  Fetching JDBC Connection from DataSource
7174 DEBUG [2015-01-07 22:28:44]  Testing PooledConnection [com.mchange.v2.c3p0.impl.NewPooledConnection@677951c9] on CHECKOUT.
7175 DEBUG [2015-01-07 22:28:44]  Test of PooledConnection [com.mchange.v2.c3p0.impl.NewPooledConnection@677951c9] on CHECKOUT has SUCCEEDED.
7176 DEBUG [2015-01-07 22:28:44]  trace com.mchange.v2.resourcepool.BasicResourcePool@6f0abf2c [managed: 8, unused: 7, excluded: 0] (e.g. com.mchange.v2.c3p0.impl.NewPooledConnection@8ae0e27)
7176 DEBUG [2015-01-07 22:28:44]  Creating SqlSession from SqlSessionFactory
7176 DEBUG [2015-01-07 22:28:44]  ooo Connection Opened
7179 DEBUG [2015-01-07 22:28:44]  ==>  Executing: select t.id "id", t.status, t.catalogID "catalogID", t.name "name", t.introduce "introduce", t.price "price", t.nowPrice "nowprice", t.picture "picture", DATE_FORMAT(t.createtime,'%Y-%m-%d') "createtime", t.isnew "isnew", t.sale "sale", t.hit "hit", t.stock,t.sellcount, t.activityID from t_product t where 1=1 and status=2 and activityID is not null 
7179 DEBUG [2015-01-07 22:28:44]  ==> Parameters: 
7191 DEBUG [2015-01-07 22:28:44]  <==    Columns: id, status, catalogID, name, introduce, price, nowPrice, picture, createtime, isnew, sale, hit, stock, sellcount, activityID
7191 DEBUG [2015-01-07 22:28:44]  <==        Row: 10271, 2, 74, intki/英特奇, 产品名称：intki/英特奇 E83
	型号: E83
 机身颜色: 黑色 红色 蓝色 白色
 运行内存RAM: 512MB
 机身内存: 4G
 网络模式: 双卡单模
 电池容量: 1500mAh
, 299.00, 299.00, /attached/image/20140304/1393919400759_1.jpg, 2014-03-06, y, y, 10, 10, 0, 6
7192 DEBUG [2015-01-07 22:28:44]  <==        Row: 10272, 2, 26, 最新24寸一体机,联想款,一体机电脑电视,真四核,4G,高清 低价包邮, 最新24寸一体机,联想款,一体机电脑电视,真四核,4G,高清 低价包邮, 2200.00, 1860.00, /attached/image/20140306/1394071041591_1.png, 2014-03-06, y, y, 14, 1000, 100, 6
7192 DEBUG [2015-01-07 22:28:44]  <==        Row: 10273, 2, 74, 特价现货送大礼MIUI/小米 红米电信版红米1S电信超值服务红米电信, 现货抢购！双模四核 红米1S 电信版舍我其谁！！！ 送专属贴膜硅胶套。限时特价！！红米电信尊享服务------加1元OTG线，免费升级最新系统指导（需和客服联系，升级版可以让你的爱机更流畅 优化了系统的个别问题）, 1328.00, 1195.20, /attached/image/20140306/1394072191622_1.png, 2014-03-06, y, y, 22, 6659, 1000, 6
7193 DEBUG [2015-01-07 22:28:44]  <==        Row: 10274, 2, 28, 道路与梦想：我与万科20年, 道路与梦想：我与万科20年, 24.99, 20.00, /attached/image/20140306/1394073843314_1.png, 2014-03-06, y, n, 13, 111, 12, 6
7193 DEBUG [2015-01-07 22:28:44]  <==        Row: 10281, 2, 26, Acer/宏 V3-772G-747a4G75Ma 四代i7 GTX760M 17寸游, Acer/宏 V3-772G-747a4G75Ma 四代i7 GTX760M 17寸游戏笔记本 , 7999.00, 6666.00, /attached/image/20140307/1394156602227_1.jpg, 2014-03-07, y, y, 11, 1000, 100, 5
7193 DEBUG [2015-01-07 22:28:44]  <==        Row: 10282, 2, 26, Acer/宏 R7-571G-73538G75ass i7 GT750 2G独显 触控, Acer/宏 R7-571G-73538G75ass i7 GT750 2G独显 触控变形超级本 , 9999.00, 8888.00, /attached/image/20140307/1394157908227_1.jpg, 2014-03-07, y, y, 12, 110, 11, 5
7193 DEBUG [2015-01-07 22:28:44]  <==        Row: 10283, 2, 28, 人生不设限 我那好得不像话的生命体验 力克胡哲 正版励志成功书籍 一本撼动数亿人心灵的勇, 人生不设限 我那好得不像话的生命体验 力克胡哲 正版励志成功书籍 一本撼动数亿人心灵的勇气之书 博库网, 35.00, 33.00, /attached/image/20140312/1394592717230_1.jpg, 2014-03-12, y, y, 19, 22, 22, 5
7194 DEBUG [2015-01-07 22:28:44]  <==        Row: 10284, 2, 60, 百年孤独 马尔克斯 诺贝尔文学奖 外国经典文学小说 正版书籍 博库网, 百年孤独 马尔克斯 诺贝尔文学奖 外国经典文学小说 正版书籍 博库网, 100.00, 90.00, /attached/image/20140312/1394594435641_1.jpg, 2014-03-12, y, y, 11, 123, 123, 5
7195 DEBUG [2015-01-07 22:28:44]  <==        Row: 10291, 2, 69, 蝶臣 早春装新款2014 韩版长袖毛呢大衣女装中长款薄毛呢外套 女, 蝶臣 早春装新款2014 韩版长袖毛呢大衣女装中长款薄毛呢外套 女, 488.00, 188.00, /attached/image/20140312/1394608028416_1.jpg, 2014-03-12, y, n, 28, 50, 1, 4
7195 DEBUG [2015-01-07 22:28:44]  <==        Row: 10293, 2, 32, 韩版连衣裙春季无袖长裙百褶修身连衣裙中长款公主裙, 韩版连衣裙春季无袖长裙百褶修身连衣裙中长款公主裙 质量很好，做工超好的，面料也很舒服，这个价格很值的喔，性价比很高，颜色很喜欢，衬肤色  简单 时尚 精致 美得无可言喻, 288.00, 99.00, /attached/image/20140312/1394619270729_1.jpg, 2014-03-12, y, y, 13, 500, 199, 4
7195 DEBUG [2015-01-07 22:28:44]  <==        Row: 10294, 2, 87, 缪佳 2014新款春装女士牛仔裤女小脚裤潮显瘦铅笔裤韩版长裤子女, 缪佳 2014新款春装女士牛仔裤女小脚裤潮显瘦铅笔裤韩版长裤子女, 99.00, 89.00, /attached/image/20140312/1394619830846_1.png, 2014-03-12, y, y, 10, 100, 0, 4
7196 DEBUG [2015-01-07 22:28:44]  <==        Row: 10295, 2, 64, 阿李罗火火兔早教故事机g6火火兔故事机g6早教机婴幼儿童正品玩具 , 阿李罗火火兔早教故事机g6火火兔故事机g6早教机婴幼儿童正品玩具 , 198.00, 168.00, /attached/image/20140312/1394620734125_1.png, 2014-03-12, y, n, 9, 200, 0, 4
7196 DEBUG [2015-01-07 22:28:44]  <==        Row: 10299, 2, 60, 这个世界上的一切都是瘦子的, 这个世界上的一切都是瘦子的, 33.00, 31.00, /attached/image/20140313/1394674397095_1.jpg, 2014-03-13, y, y, 9, 31, 22, 3
7197 DEBUG [2015-01-07 22:28:44]  <==        Row: 10300, 2, 60, 我讲个笑话，你可别哭啊, 我讲个笑话，你可别哭啊, 58.00, 50.00, /attached/image/20140313/1394674592160_1.jpg, 2014-03-13, y, y, 9, 20, 20, 3
7197 DEBUG [2015-01-07 22:28:44]  <==        Row: 10301, 2, 60, 活着活着就老了（精装）, 活着活着就老了（精装）, 67.00, 66.00, /attached/image/20140313/1394674696177_1.jpg, 2014-03-13, y, y, 10, 20, 20, 3
7197 DEBUG [2015-01-07 22:28:44]  <==        Row: 10302, 2, 60, 如何成为一个怪物, 如何成为一个怪物, 65.00, 60.00, /attached/image/20140313/1394674782662_1.jpg, 2014-03-13, y, y, 8, 22, 22, 3
7197 DEBUG [2015-01-07 22:28:44]  <==        Row: 10303, 2, 60, 被窝是青春的坟墓（节选自《被窝是青春的坟墓》）, 被窝是青春的坟墓（节选自《被窝是青春的坟墓》）, 45.00, 44.00, /attached/image/20140313/1394674918414_1.jpg, 2014-03-13, y, y, 9, 44, 44, 3
7198 DEBUG [2015-01-07 22:28:44]  <==        Row: 10304, 2, 60, 汤姆・索亚历险记, 汤姆・索亚历险记, 88.00, 80.00, /attached/image/20140313/1394675034290_1.jpg, 2014-03-13, y, y, 10, 20, 20, 3
7198 DEBUG [2015-01-07 22:28:44]  <==        Row: 10305, 2, 60, 老人与海, 老人与海, 87.00, 80.00, /attached/image/20140313/1394675246731_1.jpg, 2014-03-13, y, y, 11, 88, 88, 3
7198 DEBUG [2015-01-07 22:28:44]  <==        Row: 10306, 2, 60, 汤姆叔叔的小屋, 汤姆叔叔的小屋, 65.00, 45.00, /attached/image/20140313/1394675343763_1.jpg, 2014-03-13, y, y, 20, 444, 444, 3
7199 DEBUG [2015-01-07 22:28:44]  <==        Row: 10309, 2, 88, 平台战略：正在席卷全球的商业模式革命, 平台战略：正在席卷全球的商业模式革命, 45.00, 40.00, /attached/image/20140314/1394759145130_1.jpg, 2014-03-14, y, y, 18, 44, 44, 2
7199 DEBUG [2015-01-07 22:28:44]  <==        Row: 10310, 2, 88, 从"为什么"开始:乔布斯让Apple红遍世界的黄金圈法则, 从"为什么"开始:乔布斯让Apple红遍世界的黄金圈法则, 56.00, 55.00, /attached/image/20140314/1394759447883_1.jpg, 2014-03-14, y, y, 22, 55, 55, 2
7199 DEBUG [2015-01-07 22:28:44]  <==        Row: 10311, 2, 88, 创新与企业家精神（珍藏版）, 创新与企业家精神（珍藏版）, 66.00, 66.00, /attached/image/20140314/1394759695198_1.jpg, 2014-03-14, y, n, 14, 11, 11, 2
7200 DEBUG [2015-01-07 22:28:44]  <==        Row: 10312, 2, 88, 管理：使命、责任、实务（实务篇）（珍藏版）, 管理：使命、责任、实务（实务篇）（珍藏版）, 78.00, 70.00, /attached/image/20140314/1394759781761_1.jpg, 2014-03-14, y, y, 22, 111, 111, 2
7200 DEBUG [2015-01-07 22:28:44]  <==        Row: 10313, 2, 88, 史玉柱自述：我的营销心得, 史玉柱自述：我的营销心得, 34.00, 33.00, /attached/image/20140314/1394759927295_1.jpg, 2014-03-14, n, n, 16, 33, 33, 1
7200 DEBUG [2015-01-07 22:28:44]  <==        Row: 10314, 2, 88, O2O：移动互联网时代的商业革命, O2O：移动互联网时代的商业革命, 55.00, 55.00, /attached/image/20140314/1394760096844_1.jpg, 2014-03-14, n, n, 17, 55, 55, 1
7201 DEBUG [2015-01-07 22:28:44]  <==        Row: 10315, 2, 60, 狂人日记（鲁迅作品）, 狂人日记（鲁迅作品）, 88.00, 80.00, /attached/image/20140317/1395022939980_1.jpg, 2014-03-17, y, y, 24, 111, 111, 1
7201 DEBUG [2015-01-07 22:28:44]  <==        Row: 10316, 2, 60, 阿Q正传（呐喊―鲁迅小说）, 阿Q正传（呐喊―鲁迅小说）, 90.00, 86.00, /attached/image/20140317/1395023031934_1.jpg, 2014-03-17, y, y, 40, 123, 123, 1
7201 DEBUG [2015-01-07 22:28:44]  xxx Connection Closed
7201 DEBUG [2015-01-07 22:28:44]  trace com.mchange.v2.resourcepool.BasicResourcePool@6f0abf2c [managed: 8, unused: 7, excluded: 0] (e.g. com.mchange.v2.c3p0.impl.NewPooledConnection@8ae0e27)
7202 DEBUG [2015-01-07 22:28:44]  com.mchange.v2.c3p0.impl.NewProxyConnection@19856a0a: close() called more than once.
7202 ERROR [2015-01-07 22:28:44]  loadActivityProductList.list=28
7203 ERROR [2015-01-07 22:28:44]  loadActivityScoreProductList...
7203 ERROR [2015-01-07 22:28:44]  loadActivityScoreProductList...productIds=[10271, 10272, 10273, 10274, 10281, 10282, 10283, 10284, 10295, 10294, 10293, 10292, 10291]
7203 DEBUG [2015-01-07 22:28:44]  Fetching JDBC Connection from DataSource
7203 DEBUG [2015-01-07 22:28:44]  Testing PooledConnection [com.mchange.v2.c3p0.impl.NewPooledConnection@677951c9] on CHECKOUT.
7215 DEBUG [2015-01-07 22:28:44]  Test of PooledConnection [com.mchange.v2.c3p0.impl.NewPooledConnection@677951c9] on CHECKOUT has SUCCEEDED.
7215 DEBUG [2015-01-07 22:28:44]  trace com.mchange.v2.resourcepool.BasicResourcePool@6f0abf2c [managed: 8, unused: 7, excluded: 0] (e.g. com.mchange.v2.c3p0.impl.NewPooledConnection@8ae0e27)
7215 DEBUG [2015-01-07 22:28:44]  Creating SqlSession from SqlSessionFactory
7215 DEBUG [2015-01-07 22:28:44]  ooo Connection Opened
7217 DEBUG [2015-01-07 22:28:44]  ==>  Executing: select t.id "id", t.status, t.catalogID "catalogID", t.name "name", t.introduce "introduce", t.price "price", t.nowPrice "nowprice", t.picture "picture", DATE_FORMAT(t.createtime,'%Y-%m-%d') "createtime", t.isnew "isnew", t.sale "sale", t.hit "hit", t.stock,t.sellcount, t.activityID from t_product t where 1=1 and status=2 and activityID is not null and t.id in ( ? , ? , ? , ? , ? , ? , ? , ? , ? , ? , ? , ? , ? ) 
7218 DEBUG [2015-01-07 22:28:44]  ==> Parameters: 10271(String), 10272(String), 10273(String), 10274(String), 10281(String), 10282(String), 10283(String), 10284(String), 10295(String), 10294(String), 10293(String), 10292(String), 10291(String)
7227 DEBUG [2015-01-07 22:28:44]  <==    Columns: id, status, catalogID, name, introduce, price, nowPrice, picture, createtime, isnew, sale, hit, stock, sellcount, activityID
7227 DEBUG [2015-01-07 22:28:44]  <==        Row: 10271, 2, 74, intki/英特奇, 产品名称：intki/英特奇 E83
	型号: E83
 机身颜色: 黑色 红色 蓝色 白色
 运行内存RAM: 512MB
 机身内存: 4G
 网络模式: 双卡单模
 电池容量: 1500mAh
, 299.00, 299.00, /attached/image/20140304/1393919400759_1.jpg, 2014-03-06, y, y, 10, 10, 0, 6
7228 DEBUG [2015-01-07 22:28:44]  <==        Row: 10272, 2, 26, 最新24寸一体机,联想款,一体机电脑电视,真四核,4G,高清 低价包邮, 最新24寸一体机,联想款,一体机电脑电视,真四核,4G,高清 低价包邮, 2200.00, 1860.00, /attached/image/20140306/1394071041591_1.png, 2014-03-06, y, y, 14, 1000, 100, 6
7238 DEBUG [2015-01-07 22:28:44]  <==        Row: 10273, 2, 74, 特价现货送大礼MIUI/小米 红米电信版红米1S电信超值服务红米电信, 现货抢购！双模四核 红米1S 电信版舍我其谁！！！ 送专属贴膜硅胶套。限时特价！！红米电信尊享服务------加1元OTG线，免费升级最新系统指导（需和客服联系，升级版可以让你的爱机更流畅 优化了系统的个别问题）, 1328.00, 1195.20, /attached/image/20140306/1394072191622_1.png, 2014-03-06, y, y, 22, 6659, 1000, 6
7238 DEBUG [2015-01-07 22:28:44]  <==        Row: 10274, 2, 28, 道路与梦想：我与万科20年, 道路与梦想：我与万科20年, 24.99, 20.00, /attached/image/20140306/1394073843314_1.png, 2014-03-06, y, n, 13, 111, 12, 6
7238 DEBUG [2015-01-07 22:28:44]  <==        Row: 10281, 2, 26, Acer/宏 V3-772G-747a4G75Ma 四代i7 GTX760M 17寸游, Acer/宏 V3-772G-747a4G75Ma 四代i7 GTX760M 17寸游戏笔记本 , 7999.00, 6666.00, /attached/image/20140307/1394156602227_1.jpg, 2014-03-07, y, y, 11, 1000, 100, 5
7239 DEBUG [2015-01-07 22:28:44]  <==        Row: 10282, 2, 26, Acer/宏 R7-571G-73538G75ass i7 GT750 2G独显 触控, Acer/宏 R7-571G-73538G75ass i7 GT750 2G独显 触控变形超级本 , 9999.00, 8888.00, /attached/image/20140307/1394157908227_1.jpg, 2014-03-07, y, y, 12, 110, 11, 5
7239 DEBUG [2015-01-07 22:28:44]  <==        Row: 10283, 2, 28, 人生不设限 我那好得不像话的生命体验 力克胡哲 正版励志成功书籍 一本撼动数亿人心灵的勇, 人生不设限 我那好得不像话的生命体验 力克胡哲 正版励志成功书籍 一本撼动数亿人心灵的勇气之书 博库网, 35.00, 33.00, /attached/image/20140312/1394592717230_1.jpg, 2014-03-12, y, y, 19, 22, 22, 5
7239 DEBUG [2015-01-07 22:28:44]  <==        Row: 10284, 2, 60, 百年孤独 马尔克斯 诺贝尔文学奖 外国经典文学小说 正版书籍 博库网, 百年孤独 马尔克斯 诺贝尔文学奖 外国经典文学小说 正版书籍 博库网, 100.00, 90.00, /attached/image/20140312/1394594435641_1.jpg, 2014-03-12, y, y, 11, 123, 123, 5
7239 DEBUG [2015-01-07 22:28:44]  <==        Row: 10291, 2, 69, 蝶臣 早春装新款2014 韩版长袖毛呢大衣女装中长款薄毛呢外套 女, 蝶臣 早春装新款2014 韩版长袖毛呢大衣女装中长款薄毛呢外套 女, 488.00, 188.00, /attached/image/20140312/1394608028416_1.jpg, 2014-03-12, y, n, 28, 50, 1, 4
7239 DEBUG [2015-01-07 22:28:44]  <==        Row: 10293, 2, 32, 韩版连衣裙春季无袖长裙百褶修身连衣裙中长款公主裙, 韩版连衣裙春季无袖长裙百褶修身连衣裙中长款公主裙 质量很好，做工超好的，面料也很舒服，这个价格很值的喔，性价比很高，颜色很喜欢，衬肤色  简单 时尚 精致 美得无可言喻, 288.00, 99.00, /attached/image/20140312/1394619270729_1.jpg, 2014-03-12, y, y, 13, 500, 199, 4
7239 DEBUG [2015-01-07 22:28:44]  <==        Row: 10294, 2, 87, 缪佳 2014新款春装女士牛仔裤女小脚裤潮显瘦铅笔裤韩版长裤子女, 缪佳 2014新款春装女士牛仔裤女小脚裤潮显瘦铅笔裤韩版长裤子女, 99.00, 89.00, /attached/image/20140312/1394619830846_1.png, 2014-03-12, y, y, 10, 100, 0, 4
7239 DEBUG [2015-01-07 22:28:44]  <==        Row: 10295, 2, 64, 阿李罗火火兔早教故事机g6火火兔故事机g6早教机婴幼儿童正品玩具 , 阿李罗火火兔早教故事机g6火火兔故事机g6早教机婴幼儿童正品玩具 , 198.00, 168.00, /attached/image/20140312/1394620734125_1.png, 2014-03-12, y, n, 9, 200, 0, 4
7239 DEBUG [2015-01-07 22:28:44]  xxx Connection Closed
7239 DEBUG [2015-01-07 22:28:44]  trace com.mchange.v2.resourcepool.BasicResourcePool@6f0abf2c [managed: 8, unused: 7, excluded: 0] (e.g. com.mchange.v2.c3p0.impl.NewPooledConnection@8ae0e27)
7239 DEBUG [2015-01-07 22:28:44]  com.mchange.v2.c3p0.impl.NewProxyConnection@534f4ef8: close() called more than once.
7239 ERROR [2015-01-07 22:28:44]  loadActivityTuanProductList...
7239 ERROR [2015-01-07 22:28:44]  loadActivityScoreProductList...productIds=[]
7239 ERROR [2015-01-07 22:28:44]  前台缓存加载完毕!
7239 ERROR [2015-01-07 22:28:44]  ManageCache.loadAllCache...
7239 DEBUG [2015-01-07 22:28:44]  Fetching JDBC Connection from DataSource
7239 DEBUG [2015-01-07 22:28:44]  Testing PooledConnection [com.mchange.v2.c3p0.impl.NewPooledConnection@677951c9] on CHECKOUT.
7260 DEBUG [2015-01-07 22:28:44]  Test of PooledConnection [com.mchange.v2.c3p0.impl.NewPooledConnection@677951c9] on CHECKOUT has SUCCEEDED.
7260 DEBUG [2015-01-07 22:28:44]  trace com.mchange.v2.resourcepool.BasicResourcePool@6f0abf2c [managed: 8, unused: 7, excluded: 0] (e.g. com.mchange.v2.c3p0.impl.NewPooledConnection@8ae0e27)
7260 DEBUG [2015-01-07 22:28:44]  Creating SqlSession from SqlSessionFactory
7260 DEBUG [2015-01-07 22:28:44]  ooo Connection Opened
7260 DEBUG [2015-01-07 22:28:44]  ==>  Executing: SELECT (SELECT count(*) FROM t_order where status='cancel') cancelCount, (SELECT count(*) FROM t_order where paystatus='n' and status!='cancel') notPayCount, (SELECT count(*) FROM t_order where paystatus='y' and status='init') payButNotPassCount, (SELECT count(*) FROM t_order where paystatus='y' and status='pass') waitSendGoodsCount, (SELECT count(*) FROM t_order where refundStatus='WAIT_SELLER_AGREE') WAIT_SELLER_AGREE, (SELECT count(*) FROM t_order where refundStatus='SELLER_REFUSE_BUYER') SELLER_REFUSE_BUYER, (SELECT count(*) FROM t_order where refundStatus='WAIT_BUYER_RETURN_GOODS') WAIT_BUYER_RETURN_GOODS, (SELECT count(*) FROM t_order where refundStatus='WAIT_SELLER_CONFIRM_GOODS') WAIT_SELLER_CONFIRM_GOODS FROM t_systemsetting 
7260 DEBUG [2015-01-07 22:28:44]  ==> Parameters: 
7260 DEBUG [2015-01-07 22:28:44]  <==    Columns: cancelCount, notPayCount, payButNotPassCount, waitSendGoodsCount, WAIT_SELLER_AGREE, SELLER_REFUSE_BUYER, WAIT_BUYER_RETURN_GOODS, WAIT_SELLER_CONFIRM_GOODS
7260 DEBUG [2015-01-07 22:28:44]  <==        Row: 155, 2, 12, 5, 0, 1, 0, 0
7260 DEBUG [2015-01-07 22:28:44]  xxx Connection Closed
7260 DEBUG [2015-01-07 22:28:44]  trace com.mchange.v2.resourcepool.BasicResourcePool@6f0abf2c [managed: 8, unused: 7, excluded: 0] (e.g. com.mchange.v2.c3p0.impl.NewPooledConnection@8ae0e27)
7260 DEBUG [2015-01-07 22:28:44]  Fetching JDBC Connection from DataSource
7270 DEBUG [2015-01-07 22:28:44]  Testing PooledConnection [com.mchange.v2.c3p0.impl.NewPooledConnection@677951c9] on CHECKOUT.
7270 DEBUG [2015-01-07 22:28:44]  Test of PooledConnection [com.mchange.v2.c3p0.impl.NewPooledConnection@677951c9] on CHECKOUT has SUCCEEDED.
7270 DEBUG [2015-01-07 22:28:44]  trace com.mchange.v2.resourcepool.BasicResourcePool@6f0abf2c [managed: 8, unused: 7, excluded: 0] (e.g. com.mchange.v2.c3p0.impl.NewPooledConnection@8ae0e27)
7270 DEBUG [2015-01-07 22:28:44]  Creating SqlSession from SqlSessionFactory
7270 DEBUG [2015-01-07 22:28:44]  ooo Connection Opened
7270 DEBUG [2015-01-07 22:28:44]  ==>  Executing: select count(*) from t_product t where 1=1 and status=2 and stock <= 0 
7270 DEBUG [2015-01-07 22:28:44]  ==> Parameters: 
7271 DEBUG [2015-01-07 22:28:44]  <==    Columns: count(*)
7271 DEBUG [2015-01-07 22:28:44]  <==        Row: 2
7271 DEBUG [2015-01-07 22:28:44]  xxx Connection Closed
7271 DEBUG [2015-01-07 22:28:44]  trace com.mchange.v2.resourcepool.BasicResourcePool@6f0abf2c [managed: 8, unused: 7, excluded: 0] (e.g. com.mchange.v2.c3p0.impl.NewPooledConnection@8ae0e27)
7271 DEBUG [2015-01-07 22:28:44]  com.mchange.v2.c3p0.impl.NewProxyConnection@6c7ee9eb: close() called more than once.
7271 DEBUG [2015-01-07 22:28:44]  Fetching JDBC Connection from DataSource
7271 DEBUG [2015-01-07 22:28:44]  Testing PooledConnection [com.mchange.v2.c3p0.impl.NewPooledConnection@677951c9] on CHECKOUT.
7291 DEBUG [2015-01-07 22:28:44]  Test of PooledConnection [com.mchange.v2.c3p0.impl.NewPooledConnection@677951c9] on CHECKOUT has SUCCEEDED.
7291 DEBUG [2015-01-07 22:28:44]  trace com.mchange.v2.resourcepool.BasicResourcePool@6f0abf2c [managed: 8, unused: 7, excluded: 0] (e.g. com.mchange.v2.c3p0.impl.NewPooledConnection@8ae0e27)
7291 DEBUG [2015-01-07 22:28:44]  Creating SqlSession from SqlSessionFactory
7291 DEBUG [2015-01-07 22:28:44]  ooo Connection Opened
7291 DEBUG [2015-01-07 22:28:44]  ==>  Executing: select count(*) from t_comment t where 1=1 and reply is null 
7291 DEBUG [2015-01-07 22:28:44]  ==> Parameters: 
7311 DEBUG [2015-01-07 22:28:44]  <==    Columns: count(*)
7311 DEBUG [2015-01-07 22:28:44]  <==        Row: 3
7311 DEBUG [2015-01-07 22:28:44]  xxx Connection Closed
7311 DEBUG [2015-01-07 22:28:44]  trace com.mchange.v2.resourcepool.BasicResourcePool@6f0abf2c [managed: 8, unused: 7, excluded: 0] (e.g. com.mchange.v2.c3p0.impl.NewPooledConnection@8ae0e27)
7311 DEBUG [2015-01-07 22:28:44]  com.mchange.v2.c3p0.impl.NewProxyConnection@1ac90b69: close() called more than once.
7311 ERROR [2015-01-07 22:28:44]  SystemManager.ordersReport = OrdersReport [cancelCount=155, notPayCount=2, payButNotPassCount=12, waitSendGoodsCount=5, WAIT_SELLER_AGREE=0, SELLER_REFUSE_BUYER=1, WAIT_BUYER_RETURN_GOODS=0, WAIT_SELLER_CONFIRM_GOODS=0, outOfStockProductCount=2, notReplyCommentCount=3]
7311 DEBUG [2015-01-07 22:28:44]  Fetching JDBC Connection from DataSource
7311 DEBUG [2015-01-07 22:28:44]  Testing PooledConnection [com.mchange.v2.c3p0.impl.NewPooledConnection@677951c9] on CHECKOUT.
7312 DEBUG [2015-01-07 22:28:44]  Test of PooledConnection [com.mchange.v2.c3p0.impl.NewPooledConnection@677951c9] on CHECKOUT has SUCCEEDED.
7312 DEBUG [2015-01-07 22:28:44]  trace com.mchange.v2.resourcepool.BasicResourcePool@6f0abf2c [managed: 8, unused: 7, excluded: 0] (e.g. com.mchange.v2.c3p0.impl.NewPooledConnection@8ae0e27)
7312 DEBUG [2015-01-07 22:28:44]  Creating SqlSession from SqlSessionFactory
7312 DEBUG [2015-01-07 22:28:44]  ooo Connection Opened
7312 DEBUG [2015-01-07 22:28:44]  ==>  Executing: select * from t_task t where 1=1 order by id desc 
7312 DEBUG [2015-01-07 22:28:44]  ==> Parameters: 
7332 DEBUG [2015-01-07 22:28:44]  <==    Columns: id, code, name, sleep, unit, nextWorkTime, currentStatus, clz
7332 DEBUG [2015-01-07 22:28:44]  <==        Row: 2, ManageIndexReportTask, 后台首页统计数据定时器, 15, MINUTES, 2012-10-11 00:00:00.0, wait, net.jeeshop.core.task.ManageIndexReportTask
7332 DEBUG [2015-01-07 22:28:44]  <==        Row: 1, SystemAutoNotifyTask, 系统自动到货通知定时器, 1, HOURS, 2012-10-11 00:00:00.0, wait, net.jeeshop.core.task.SystemAutoNotifyTask
7332 DEBUG [2015-01-07 22:28:44]  xxx Connection Closed
7332 DEBUG [2015-01-07 22:28:44]  trace com.mchange.v2.resourcepool.BasicResourcePool@6f0abf2c [managed: 8, unused: 7, excluded: 0] (e.g. com.mchange.v2.c3p0.impl.NewPooledConnection@8ae0e27)
7332 DEBUG [2015-01-07 22:28:44]  com.mchange.v2.c3p0.impl.NewProxyConnection@69f34dad: close() called more than once.
7332 DEBUG [2015-01-07 22:28:44]  Fetching JDBC Connection from DataSource
7332 DEBUG [2015-01-07 22:28:44]  Testing PooledConnection [com.mchange.v2.c3p0.impl.NewPooledConnection@677951c9] on CHECKOUT.
7342 DEBUG [2015-01-07 22:28:44]  Test of PooledConnection [com.mchange.v2.c3p0.impl.NewPooledConnection@677951c9] on CHECKOUT has SUCCEEDED.
7342 DEBUG [2015-01-07 22:28:44]  trace com.mchange.v2.resourcepool.BasicResourcePool@6f0abf2c [managed: 8, unused: 7, excluded: 0] (e.g. com.mchange.v2.c3p0.impl.NewPooledConnection@8ae0e27)
7342 DEBUG [2015-01-07 22:28:44]  Creating SqlSession from SqlSessionFactory
7342 DEBUG [2015-01-07 22:28:44]  ooo Connection Opened
7352 DEBUG [2015-01-07 22:28:44]  ==>  Executing: select * from t_oss t where 1=1 and status=? and code=? 
7352 DEBUG [2015-01-07 22:28:44]  ==> Parameters: y(String), aliyun(String)
7353 DEBUG [2015-01-07 22:28:44]  <==    Columns: id, name, code, status, ossJsonInfo
7353 DEBUG [2015-01-07 22:28:44]  <==        Row: 1, 阿里云存储, aliyun, y, {"ACCESS_ID":"xxx","ACCESS_KEY":"xxx","OSS_ENDPOINT":"http://oss.aliyuncs.com/","bucketName":"xxx"}
7353 DEBUG [2015-01-07 22:28:44]  xxx Connection Closed
7353 DEBUG [2015-01-07 22:28:44]  trace com.mchange.v2.resourcepool.BasicResourcePool@6f0abf2c [managed: 8, unused: 7, excluded: 0] (e.g. com.mchange.v2.c3p0.impl.NewPooledConnection@8ae0e27)
7353 DEBUG [2015-01-07 22:28:44]  com.mchange.v2.c3p0.impl.NewProxyConnection@3e682b10: close() called more than once.
7353 ERROR [2015-01-07 22:28:44]  后台缓存加载完毕!
7353 DEBUG [2015-01-07 22:28:44]  Returning cached instance of singleton bean 'taskManager'
7353 ERROR [2015-01-07 22:28:44]  TaskManager.start()
7364 ERROR [2015-01-07 22:28:44]  emailNotifyProductService=net.jeeshop.services.manage.emailNotifyProduct.impl.EmailNotifyProductServiceImpl@a4920bc
7484 DEBUG [2015-01-07 22:28:45]  Found following implementations of FileManager interface: [system, jboss]
7484 DEBUG [2015-01-07 22:28:45]  No user defined FileManager, looking up for internal implementations!
7486 DEBUG [2015-01-07 22:28:45]  Cannot load [org.jboss.vfs.VirtualFile] class, not a JBoss 7!
7486 DEBUG [2015-01-07 22:28:45]  Cannot load [org.jboss.virtual.VirtualFile] class, not a JBoss 5!
7496 DEBUG [2015-01-07 22:28:45]  Using default implementation of FileManager provided under name [system]: DefaultFileManager
7506 DEBUG [2015-01-07 22:28:45]  Found following implementations of FileManager interface: [system, jboss]
7506 DEBUG [2015-01-07 22:28:45]  No user defined FileManager, looking up for internal implementations!
7507 DEBUG [2015-01-07 22:28:45]  Cannot load [org.jboss.vfs.VirtualFile] class, not a JBoss 7!
7507 DEBUG [2015-01-07 22:28:45]  Cannot load [org.jboss.virtual.VirtualFile] class, not a JBoss 5!
7507 DEBUG [2015-01-07 22:28:45]  Using default implementation of FileManager provided under name [system]: DefaultFileManager
7584 DEBUG [2015-01-07 22:28:45]  Found following implementations of FileManager interface: [system, jboss]
7584 DEBUG [2015-01-07 22:28:45]  No user defined FileManager, looking up for internal implementations!
7584 DEBUG [2015-01-07 22:28:45]  Cannot load [org.jboss.vfs.VirtualFile] class, not a JBoss 7!
7584 DEBUG [2015-01-07 22:28:45]  Cannot load [org.jboss.virtual.VirtualFile] class, not a JBoss 5!
7584 DEBUG [2015-01-07 22:28:45]  Using default implementation of FileManager provided under name [system]: DefaultFileManager
7584 DEBUG [2015-01-07 22:28:45]  Loading action configurations from: struts-default.xml
7584 DEBUG [2015-01-07 22:28:45]  Creating revision for URL: jar:file:/E:/shop-work/jeeshop/src/main/webapp/WEB-INF/lib/struts2-core-2.3.16.3.jar!/struts-default.xml
7604 DEBUG [2015-01-07 22:28:45]  com.mchange.v2.c3p0.impl.C3P0PooledConnectionPool$1PooledConnectionResourcePoolManager@1e017050.acquireResource() returning. 
7604 DEBUG [2015-01-07 22:28:45]  trace com.mchange.v2.resourcepool.BasicResourcePool@6f0abf2c [managed: 9, unused: 9, excluded: 0] (e.g. com.mchange.v2.c3p0.impl.NewPooledConnection@8ae0e27)
7604 DEBUG [2015-01-07 22:28:45]  decremented pending_acquires: 1
7620 DEBUG [2015-01-07 22:28:45]  com.mchange.v2.c3p0.impl.C3P0PooledConnectionPool$1PooledConnectionResourcePoolManager@1e017050.acquireResource() returning. 
7620 DEBUG [2015-01-07 22:28:45]  trace com.mchange.v2.resourcepool.BasicResourcePool@6f0abf2c [managed: 10, unused: 10, excluded: 0] (e.g. com.mchange.v2.c3p0.impl.NewPooledConnection@8ae0e27)
7620 DEBUG [2015-01-07 22:28:45]  decremented pending_acquires: 0
7630 DEBUG [2015-01-07 22:28:45]  Creating revision for URL: jar:file:/C:/Users/ming.hu/.m2/repository/org/apache/struts/struts2-core/2.3.16.3/struts2-core-2.3.16.3.jar!/struts-default.xml
7666 DEBUG [2015-01-07 22:28:45]  Loaded action configuration from: struts-default.xml
7669 INFO  [2015-01-07 22:28:45]  Parsing configuration file [struts-default.xml]
7669 DEBUG [2015-01-07 22:28:45]  Loaded type: name:struts impl:com.opensymphony.xwork2.ObjectFactory
7672 DEBUG [2015-01-07 22:28:45]  Loaded type:com.opensymphony.xwork2.factory.ResultFactory name:struts impl:org.apache.struts2.factory.StrutsResultFactory
7672 DEBUG [2015-01-07 22:28:45]  Loaded type:com.opensymphony.xwork2.factory.ActionFactory name:struts impl:com.opensymphony.xwork2.factory.DefaultActionFactory
7672 DEBUG [2015-01-07 22:28:45]  Loaded type:com.opensymphony.xwork2.factory.ConverterFactory name:struts impl:com.opensymphony.xwork2.factory.DefaultConverterFactory
7673 DEBUG [2015-01-07 22:28:45]  Loaded type:com.opensymphony.xwork2.factory.InterceptorFactory name:struts impl:com.opensymphony.xwork2.factory.DefaultInterceptorFactory
7673 DEBUG [2015-01-07 22:28:45]  Loaded type:com.opensymphony.xwork2.factory.ValidatorFactory name:struts impl:com.opensymphony.xwork2.factory.DefaultValidatorFactory
7673 DEBUG [2015-01-07 22:28:45]  Loaded type:com.opensymphony.xwork2.FileManager name:system impl:com.opensymphony.xwork2.util.fs.DefaultFileManager
7673 DEBUG [2015-01-07 22:28:45]  Loaded type:com.opensymphony.xwork2.FileManagerFactory name:struts impl:com.opensymphony.xwork2.util.fs.DefaultFileManagerFactory
7684 DEBUG [2015-01-07 22:28:45]  Loaded type:com.opensymphony.xwork2.ActionProxyFactory name:struts impl:org.apache.struts2.impl.StrutsActionProxyFactory
7684 DEBUG [2015-01-07 22:28:45]  Loaded type:com.opensymphony.xwork2.ActionProxyFactory name:prefix impl:org.apache.struts2.impl.PrefixBasedActionProxyFactory
7684 DEBUG [2015-01-07 22:28:45]  Loaded type:com.opensymphony.xwork2.conversion.ObjectTypeDeterminer name:struts impl:com.opensymphony.xwork2.conversion.impl.DefaultObjectTypeDeterminer
7685 DEBUG [2015-01-07 22:28:45]  Loaded type:com.opensymphony.xwork2.util.PatternMatcher name:struts impl:com.opensymphony.xwork2.util.WildcardHelper
7686 DEBUG [2015-01-07 22:28:45]  Loaded type:com.opensymphony.xwork2.util.PatternMatcher name:namedVariable impl:com.opensymphony.xwork2.util.NamedVariablePatternMatcher
7688 DEBUG [2015-01-07 22:28:45]  Loaded type:com.opensymphony.xwork2.util.PatternMatcher name:regex impl:org.apache.struts2.util.RegexPatternMatcher
7709 DEBUG [2015-01-07 22:28:45]  Loaded type:org.apache.struts2.dispatcher.mapper.ActionMapper name:struts impl:org.apache.struts2.dispatcher.mapper.DefaultActionMapper
7709 DEBUG [2015-01-07 22:28:45]  Loaded type:org.apache.struts2.dispatcher.mapper.ActionMapper name:composite impl:org.apache.struts2.dispatcher.mapper.CompositeActionMapper
7709 DEBUG [2015-01-07 22:28:45]  Loaded type:org.apache.struts2.dispatcher.mapper.ActionMapper name:restful impl:org.apache.struts2.dispatcher.mapper.RestfulActionMapper
7709 DEBUG [2015-01-07 22:28:45]  Loaded type:org.apache.struts2.dispatcher.mapper.ActionMapper name:restful2 impl:org.apache.struts2.dispatcher.mapper.Restful2ActionMapper
7719 DEBUG [2015-01-07 22:28:45]  Loaded type:org.apache.struts2.dispatcher.multipart.MultiPartRequest name:jakarta impl:org.apache.struts2.dispatcher.multipart.JakartaMultiPartRequest
7719 DEBUG [2015-01-07 22:28:45]  Loaded type:org.apache.struts2.views.TagLibraryDirectiveProvider name:s impl:org.apache.struts2.views.DefaultTagLibrary
7719 DEBUG [2015-01-07 22:28:45]  Loaded type:org.apache.struts2.views.TagLibraryModelProvider name:s impl:org.apache.struts2.views.DefaultTagLibrary
7719 DEBUG [2015-01-07 22:28:45]  Loaded type: name:default impl:org.apache.struts2.views.freemarker.FreemarkerThemeTemplateLoader
7729 DEBUG [2015-01-07 22:28:45]  Loaded type: name:struts impl:org.apache.struts2.views.freemarker.FreemarkerManager
7729 DEBUG [2015-01-07 22:28:45]  Unable to load optional class: org.apache.struts2.views.velocity.VelocityManager
7730 DEBUG [2015-01-07 22:28:45]  Loaded type: name:default impl:org.apache.struts2.components.template.TemplateEngineManager
7730 DEBUG [2015-01-07 22:28:45]  Loaded type:org.apache.struts2.components.template.TemplateEngine name:ftl impl:org.apache.struts2.components.template.FreemarkerTemplateEngine
7730 DEBUG [2015-01-07 22:28:45]  Loaded type:org.apache.struts2.components.template.TemplateEngine name:vm impl:org.apache.struts2.components.template.VelocityTemplateEngine
7731 DEBUG [2015-01-07 22:28:45]  Loaded type:org.apache.struts2.components.template.TemplateEngine name:jsp impl:org.apache.struts2.components.template.JspTemplateEngine
7731 DEBUG [2015-01-07 22:28:45]  Loaded type:com.opensymphony.xwork2.conversion.impl.XWorkConverter name:struts impl:com.opensymphony.xwork2.conversion.impl.XWorkConverter
7731 DEBUG [2015-01-07 22:28:45]  Loaded type:com.opensymphony.xwork2.conversion.ConversionPropertiesProcessor name:struts impl:com.opensymphony.xwork2.conversion.impl.DefaultConversionPropertiesProcessor
7732 DEBUG [2015-01-07 22:28:45]  Loaded type:com.opensymphony.xwork2.conversion.ConversionFileProcessor name:struts impl:com.opensymphony.xwork2.conversion.impl.DefaultConversionFileProcessor
7732 DEBUG [2015-01-07 22:28:45]  Loaded type:com.opensymphony.xwork2.conversion.ConversionAnnotationProcessor name:struts impl:com.opensymphony.xwork2.conversion.impl.DefaultConversionAnnotationProcessor
7732 DEBUG [2015-01-07 22:28:45]  Loaded type:com.opensymphony.xwork2.conversion.TypeConverterCreator name:struts impl:com.opensymphony.xwork2.conversion.impl.DefaultTypeConverterCreator
7732 DEBUG [2015-01-07 22:28:45]  Loaded type:com.opensymphony.xwork2.conversion.TypeConverterHolder name:struts impl:com.opensymphony.xwork2.conversion.impl.DefaultTypeConverterHolder
7732 DEBUG [2015-01-07 22:28:45]  Loaded type: name:default impl:com.opensymphony.xwork2.conversion.impl.XWorkBasicConverter
7732 DEBUG [2015-01-07 22:28:45]  Loaded type:com.opensymphony.xwork2.conversion.impl.CollectionConverter name:struts impl:com.opensymphony.xwork2.conversion.impl.CollectionConverter
7732 DEBUG [2015-01-07 22:28:45]  Loaded type:com.opensymphony.xwork2.conversion.impl.ArrayConverter name:struts impl:com.opensymphony.xwork2.conversion.impl.ArrayConverter
7732 DEBUG [2015-01-07 22:28:45]  Loaded type:com.opensymphony.xwork2.conversion.impl.DateConverter name:struts impl:com.opensymphony.xwork2.conversion.impl.DateConverter
7732 DEBUG [2015-01-07 22:28:45]  Loaded type:com.opensymphony.xwork2.conversion.impl.NumberConverter name:struts impl:com.opensymphony.xwork2.conversion.impl.NumberConverter
7732 DEBUG [2015-01-07 22:28:45]  Loaded type:com.opensymphony.xwork2.conversion.impl.StringConverter name:struts impl:com.opensymphony.xwork2.conversion.impl.StringConverter
7734 DEBUG [2015-01-07 22:28:45]  Loaded type:com.opensymphony.xwork2.TextProvider name:struts impl:com.opensymphony.xwork2.TextProviderSupport
7734 DEBUG [2015-01-07 22:28:45]  Loaded type:com.opensymphony.xwork2.LocaleProvider name:struts impl:com.opensymphony.xwork2.DefaultLocaleProvider
7736 DEBUG [2015-01-07 22:28:45]  Loaded type:org.apache.struts2.components.UrlRenderer name:struts impl:org.apache.struts2.components.ServletUrlRenderer
7738 DEBUG [2015-01-07 22:28:45]  Loaded type:org.apache.struts2.views.util.UrlHelper name:struts impl:org.apache.struts2.views.util.DefaultUrlHelper
7738 DEBUG [2015-01-07 22:28:45]  Loaded type:com.opensymphony.xwork2.util.ValueStackFactory name:struts impl:com.opensymphony.xwork2.ognl.OgnlValueStackFactory
7738 DEBUG [2015-01-07 22:28:45]  Loaded type:com.opensymphony.xwork2.util.reflection.ReflectionProvider name:struts impl:com.opensymphony.xwork2.ognl.OgnlReflectionProvider
7739 DEBUG [2015-01-07 22:28:45]  Loaded type:com.opensymphony.xwork2.util.reflection.ReflectionContextFactory name:struts impl:com.opensymphony.xwork2.ognl.OgnlReflectionContextFactory
7739 DEBUG [2015-01-07 22:28:45]  Loaded type:com.opensymphony.xwork2.TextProvider name:system impl:com.opensymphony.xwork2.DefaultTextProvider
7740 DEBUG [2015-01-07 22:28:45]  Loaded type:com.opensymphony.xwork2.conversion.NullHandler name:java.lang.Object impl:com.opensymphony.xwork2.conversion.impl.InstantiatingNullHandler
7743 DEBUG [2015-01-07 22:28:45]  Loaded type:com.opensymphony.xwork2.validator.ActionValidatorManager name:struts impl:com.opensymphony.xwork2.validator.AnnotationActionValidatorManager
7744 DEBUG [2015-01-07 22:28:45]  Loaded type:com.opensymphony.xwork2.validator.ActionValidatorManager name:no-annotations impl:com.opensymphony.xwork2.validator.DefaultActionValidatorManager
7746 DEBUG [2015-01-07 22:28:45]  Loaded type:com.opensymphony.xwork2.validator.ValidatorFactory name:default impl:com.opensymphony.xwork2.validator.DefaultValidatorFactory
7747 DEBUG [2015-01-07 22:28:45]  Loaded type:com.opensymphony.xwork2.validator.ValidatorFileParser name:default impl:com.opensymphony.xwork2.validator.DefaultValidatorFileParser
7747 DEBUG [2015-01-07 22:28:45]  Loaded type: name:default impl:com.opensymphony.xwork2.ognl.OgnlUtil
7748 DEBUG [2015-01-07 22:28:45]  Loaded type:com.opensymphony.xwork2.util.TextParser name:struts impl:com.opensymphony.xwork2.util.OgnlTextParser
7749 DEBUG [2015-01-07 22:28:45]  Loaded type:ognl.PropertyAccessor name:com.opensymphony.xwork2.util.CompoundRoot impl:com.opensymphony.xwork2.ognl.accessor.CompoundRootAccessor
7749 DEBUG [2015-01-07 22:28:45]  Loaded type:ognl.PropertyAccessor name:java.lang.Object impl:com.opensymphony.xwork2.ognl.accessor.ObjectAccessor
7750 DEBUG [2015-01-07 22:28:45]  Loaded type:ognl.PropertyAccessor name:java.util.Iterator impl:com.opensymphony.xwork2.ognl.accessor.XWorkIteratorPropertyAccessor
7750 DEBUG [2015-01-07 22:28:45]  Loaded type:ognl.PropertyAccessor name:java.util.Enumeration impl:com.opensymphony.xwork2.ognl.accessor.XWorkEnumerationAccessor
7751 DEBUG [2015-01-07 22:28:45]  Loaded type:ognl.PropertyAccessor name:java.util.List impl:com.opensymphony.xwork2.ognl.accessor.XWorkListPropertyAccessor
7752 DEBUG [2015-01-07 22:28:45]  Loaded type:ognl.PropertyAccessor name:java.util.Set impl:com.opensymphony.xwork2.ognl.accessor.XWorkCollectionPropertyAccessor
7753 DEBUG [2015-01-07 22:28:45]  Loaded type:ognl.PropertyAccessor name:java.util.Map impl:com.opensymphony.xwork2.ognl.accessor.XWorkMapPropertyAccessor
7753 DEBUG [2015-01-07 22:28:45]  Loaded type:ognl.PropertyAccessor name:java.util.Collection impl:com.opensymphony.xwork2.ognl.accessor.XWorkCollectionPropertyAccessor
7754 DEBUG [2015-01-07 22:28:45]  Loaded type:ognl.PropertyAccessor name:com.opensymphony.xwork2.ognl.ObjectProxy impl:com.opensymphony.xwork2.ognl.accessor.ObjectProxyPropertyAccessor
7755 DEBUG [2015-01-07 22:28:45]  Loaded type:ognl.MethodAccessor name:java.lang.Object impl:com.opensymphony.xwork2.ognl.accessor.XWorkMethodAccessor
7755 DEBUG [2015-01-07 22:28:45]  Loaded type:ognl.MethodAccessor name:com.opensymphony.xwork2.util.CompoundRoot impl:com.opensymphony.xwork2.ognl.accessor.CompoundRootAccessor
7756 DEBUG [2015-01-07 22:28:45]  Loaded type: name:default impl:org.apache.struts2.views.jsp.ui.OgnlTool
7758 DEBUG [2015-01-07 22:28:45]  Loaded type:org.apache.struts2.dispatcher.StaticContentLoader name:struts impl:org.apache.struts2.dispatcher.DefaultStaticContentLoader
7759 DEBUG [2015-01-07 22:28:45]  Loaded type:com.opensymphony.xwork2.UnknownHandlerManager name:struts impl:com.opensymphony.xwork2.DefaultUnknownHandlerManager
7759 DEBUG [2015-01-07 22:28:45]  Loaded type:ognl.PropertyAccessor name:java.util.ArrayList impl:com.opensymphony.xwork2.ognl.accessor.XWorkListPropertyAccessor
7759 DEBUG [2015-01-07 22:28:45]  Loaded type:ognl.PropertyAccessor name:java.util.HashSet impl:com.opensymphony.xwork2.ognl.accessor.XWorkCollectionPropertyAccessor
7759 DEBUG [2015-01-07 22:28:45]  Loaded type:ognl.PropertyAccessor name:java.util.HashMap impl:com.opensymphony.xwork2.ognl.accessor.XWorkMapPropertyAccessor
7761 ERROR [2015-01-07 22:28:45]  Dispatcher initialization failed
Unable to load configuration. - bean - jar:file:/C:/Users/ming.hu/.m2/repository/org/apache/struts/struts2-core/2.3.16.3/struts2-core-2.3.16.3.jar!/struts-default.xml:40:72
	at com.opensymphony.xwork2.config.ConfigurationManager.getConfiguration(ConfigurationManager.java:70)
	at org.apache.struts2.dispatcher.Dispatcher.init_PreloadConfiguration(Dispatcher.java:445)
	at org.apache.struts2.dispatcher.Dispatcher.init(Dispatcher.java:489)
	at org.apache.struts2.dispatcher.ng.InitOperations.initDispatcher(InitOperations.java:74)
	at org.apache.struts2.dispatcher.ng.filter.StrutsPrepareAndExecuteFilter.init(StrutsPrepareAndExecuteFilter.java:57)
	at org.apache.catalina.core.ApplicationFilterConfig.getFilter(ApplicationFilterConfig.java:295)
	at org.apache.catalina.core.ApplicationFilterConfig.setFilterDef(ApplicationFilterConfig.java:422)
	at org.apache.catalina.core.ApplicationFilterConfig.<init>(ApplicationFilterConfig.java:115)
	at org.apache.catalina.core.StandardContext.filterStart(StandardContext.java:4001)
	at org.apache.catalina.core.StandardContext.start(StandardContext.java:4651)
	at org.apache.catalina.core.ContainerBase.start(ContainerBase.java:1045)
	at org.apache.catalina.core.StandardHost.start(StandardHost.java:785)
	at org.apache.catalina.core.ContainerBase.start(ContainerBase.java:1045)
	at org.apache.catalina.core.StandardEngine.start(StandardEngine.java:445)
	at org.apache.catalina.startup.Embedded.start(Embedded.java:825)
	at org.codehaus.mojo.tomcat.AbstractRunMojo.startContainer(AbstractRunMojo.java:558)
	at org.codehaus.mojo.tomcat.AbstractRunMojo.execute(AbstractRunMojo.java:255)
	at org.apache.maven.plugin.DefaultBuildPluginManager.executeMojo(DefaultBuildPluginManager.java:107)
	at org.apache.maven.lifecycle.internal.MojoExecutor.execute(MojoExecutor.java:209)
	at org.apache.maven.lifecycle.internal.MojoExecutor.execute(MojoExecutor.java:153)
	at org.apache.maven.lifecycle.internal.MojoExecutor.execute(MojoExecutor.java:145)
	at org.apache.maven.lifecycle.internal.LifecycleModuleBuilder.buildProject(LifecycleModuleBuilder.java:84)
	at org.apache.maven.lifecycle.internal.LifecycleModuleBuilder.buildProject(LifecycleModuleBuilder.java:59)
	at org.apache.maven.lifecycle.internal.LifecycleStarter.singleThreadedBuild(LifecycleStarter.java:183)
	at org.apache.maven.lifecycle.internal.LifecycleStarter.execute(LifecycleStarter.java:161)
	at org.apache.maven.DefaultMaven.doExecute(DefaultMaven.java:319)
	at org.apache.maven.DefaultMaven.execute(DefaultMaven.java:156)
	at org.apache.maven.cli.MavenCli.execute(MavenCli.java:534)
	at org.apache.maven.cli.MavenCli.doMain(MavenCli.java:196)
	at org.apache.maven.cli.MavenCli.main(MavenCli.java:141)
	at sun.reflect.NativeMethodAccessorImpl.invoke0(Native Method)
	at sun.reflect.NativeMethodAccessorImpl.invoke(Unknown Source)
	at sun.reflect.DelegatingMethodAccessorImpl.invoke(Unknown Source)
	at java.lang.reflect.Method.invoke(Unknown Source)
	at org.codehaus.plexus.classworlds.launcher.Launcher.launchEnhanced(Launcher.java:290)
	at org.codehaus.plexus.classworlds.launcher.Launcher.launch(Launcher.java:230)
	at org.codehaus.plexus.classworlds.launcher.Launcher.mainWithExitCode(Launcher.java:409)
	at org.codehaus.plexus.classworlds.launcher.Launcher.main(Launcher.java:352)
Caused by: Unable to load bean: type: class:com.opensymphony.xwork2.ObjectFactory - bean - jar:file:/C:/Users/ming.hu/.m2/repository/org/apache/struts/struts2-core/2.3.16.3/struts2-core-2.3.16.3.jar!/struts-default.xml:40:72
	at com.opensymphony.xwork2.config.providers.XmlConfigurationProvider.register(XmlConfigurationProvider.java:245)
	at org.apache.struts2.config.StrutsXmlConfigurationProvider.register(StrutsXmlConfigurationProvider.java:102)
	at com.opensymphony.xwork2.config.impl.DefaultConfiguration.reloadContainer(DefaultConfiguration.java:234)
	at com.opensymphony.xwork2.config.ConfigurationManager.getConfiguration(ConfigurationManager.java:67)
	... 37 more
Caused by: Bean type class com.opensymphony.xwork2.ObjectFactory with the name struts has already been loaded by bean - jar:file:/E:/shop-work/jeeshop/src/main/webapp/WEB-INF/lib/struts2-core-2.3.16.3.jar!/struts-default.xml:40:72 - bean - jar:file:/C:/Users/ming.hu/.m2/repository/org/apache/struts/struts2-core/2.3.16.3/struts2-core-2.3.16.3.jar!/struts-default.xml:40:72
	at com.opensymphony.xwork2.config.providers.XmlConfigurationProvider.register(XmlConfigurationProvider.java:229)
	... 40 more
0    INFO  [2015-01-07 22:33:01]  Root WebApplicationContext: initialization started
46   INFO  [2015-01-07 22:33:01]  Refreshing Root WebApplicationContext: startup date [Wed Jan 07 22:33:01 CST 2015]; root of context hierarchy
102  INFO  [2015-01-07 22:33:01]  Loading XML bean definitions from class path resource [applicationContext.xml]
102  ERROR [2015-01-07 22:33:01]  Context initialization failed
org.springframework.beans.factory.BeanDefinitionStoreException: IOException parsing XML document from class path resource [applicationContext.xml]; nested exception is java.io.FileNotFoundException: class path resource [applicationContext.xml] cannot be opened because it does not exist
	at org.springframework.beans.factory.xml.XmlBeanDefinitionReader.loadBeanDefinitions(XmlBeanDefinitionReader.java:341)
	at org.springframework.beans.factory.xml.XmlBeanDefinitionReader.loadBeanDefinitions(XmlBeanDefinitionReader.java:302)
	at org.springframework.beans.factory.support.AbstractBeanDefinitionReader.loadBeanDefinitions(AbstractBeanDefinitionReader.java:143)
	at org.springframework.beans.factory.support.AbstractBeanDefinitionReader.loadBeanDefinitions(AbstractBeanDefinitionReader.java:178)
	at org.springframework.beans.factory.support.AbstractBeanDefinitionReader.loadBeanDefinitions(AbstractBeanDefinitionReader.java:149)
	at org.springframework.web.context.support.XmlWebApplicationContext.loadBeanDefinitions(XmlWebApplicationContext.java:124)
	at org.springframework.web.context.support.XmlWebApplicationContext.loadBeanDefinitions(XmlWebApplicationContext.java:93)
	at org.springframework.context.support.AbstractRefreshableApplicationContext.refreshBeanFactory(AbstractRefreshableApplicationContext.java:130)
	at org.springframework.context.support.AbstractApplicationContext.obtainFreshBeanFactory(AbstractApplicationContext.java:467)
	at org.springframework.context.support.AbstractApplicationContext.refresh(AbstractApplicationContext.java:397)
	at org.springframework.web.context.ContextLoader.createWebApplicationContext(ContextLoader.java:276)
	at org.springframework.web.context.ContextLoader.initWebApplicationContext(ContextLoader.java:197)
	at org.springframework.web.context.ContextLoaderListener.contextInitialized(ContextLoaderListener.java:47)
	at org.apache.catalina.core.StandardContext.listenerStart(StandardContext.java:4135)
	at org.apache.catalina.core.StandardContext.start(StandardContext.java:4630)
	at org.apache.catalina.core.ContainerBase.start(ContainerBase.java:1045)
	at org.apache.catalina.core.StandardHost.start(StandardHost.java:785)
	at org.apache.catalina.core.ContainerBase.start(ContainerBase.java:1045)
	at org.apache.catalina.core.StandardEngine.start(StandardEngine.java:445)
	at org.apache.catalina.startup.Embedded.start(Embedded.java:825)
	at org.codehaus.mojo.tomcat.AbstractRunMojo.startContainer(AbstractRunMojo.java:558)
	at org.codehaus.mojo.tomcat.AbstractRunMojo.execute(AbstractRunMojo.java:255)
	at org.apache.maven.plugin.DefaultBuildPluginManager.executeMojo(DefaultBuildPluginManager.java:107)
	at org.apache.maven.lifecycle.internal.MojoExecutor.execute(MojoExecutor.java:209)
	at org.apache.maven.lifecycle.internal.MojoExecutor.execute(MojoExecutor.java:153)
	at org.apache.maven.lifecycle.internal.MojoExecutor.execute(MojoExecutor.java:145)
	at org.apache.maven.lifecycle.internal.LifecycleModuleBuilder.buildProject(LifecycleModuleBuilder.java:84)
	at org.apache.maven.lifecycle.internal.LifecycleModuleBuilder.buildProject(LifecycleModuleBuilder.java:59)
	at org.apache.maven.lifecycle.internal.LifecycleStarter.singleThreadedBuild(LifecycleStarter.java:183)
	at org.apache.maven.lifecycle.internal.LifecycleStarter.execute(LifecycleStarter.java:161)
	at org.apache.maven.DefaultMaven.doExecute(DefaultMaven.java:319)
	at org.apache.maven.DefaultMaven.execute(DefaultMaven.java:156)
	at org.apache.maven.cli.MavenCli.execute(MavenCli.java:534)
	at org.apache.maven.cli.MavenCli.doMain(MavenCli.java:196)
	at org.apache.maven.cli.MavenCli.main(MavenCli.java:141)
	at sun.reflect.NativeMethodAccessorImpl.invoke0(Native Method)
	at sun.reflect.NativeMethodAccessorImpl.invoke(Unknown Source)
	at sun.reflect.DelegatingMethodAccessorImpl.invoke(Unknown Source)
	at java.lang.reflect.Method.invoke(Unknown Source)
	at org.codehaus.plexus.classworlds.launcher.Launcher.launchEnhanced(Launcher.java:290)
	at org.codehaus.plexus.classworlds.launcher.Launcher.launch(Launcher.java:230)
	at org.codehaus.plexus.classworlds.launcher.Launcher.mainWithExitCode(Launcher.java:409)
	at org.codehaus.plexus.classworlds.launcher.Launcher.main(Launcher.java:352)
Caused by: java.io.FileNotFoundException: class path resource [applicationContext.xml] cannot be opened because it does not exist
	at org.springframework.core.io.ClassPathResource.getInputStream(ClassPathResource.java:158)
	at org.springframework.beans.factory.xml.XmlBeanDefinitionReader.loadBeanDefinitions(XmlBeanDefinitionReader.java:328)
	... 42 more
